manifest-merger-debug-report.txt
-- Merging decision tree log ---
manifest
ADDED from src\main\AndroidManifest.xml:2:1-26:12
INJECTED from src\main\AndroidManifest.xml:2:1-26:12
INJECTED from src\main\AndroidManifest.xml:2:1-26:12
INJECTED from src\main\AndroidManifest.xml:2:1-26:12
MERGED from [io.github.sceneview:arsceneview:0.10.0] AndroidManifest.xml:2:1-23:12
MERGED from [androidx.compose.ui:ui-tooling:1.2.0] AndroidManifest.xml:17:1-29:12
MERGED from [androidx.activity:activity-compose:1.3.1] AndroidManifest.xml:17:1-24:12
MERGED from [androidx.compose.material:material:1.2.0] AndroidManifest.xml:17:1-23:12
MERGED from [androidx.compose.material:material-ripple:1.2.0] AndroidManifest.xml:17:1-23:12
MERGED from [io.github.sceneview:sceneview:0.10.0] AndroidManifest.xml:2:1-15:12
MERGED from [androidx.compose.foundation:foundation:1.3.1] AndroidManifest.xml:17:1-22:12
MERGED from [androidx.compose.animation:animation:1.1.1] AndroidManifest.xml:17:1-24:12
MERGED from [androidx.compose.ui:ui-tooling-data:1.2.0] AndroidManifest.xml:17:1-23:12
MERGED from [androidx.compose.material:material-icons-core:1.2.0] AndroidManifest.xml:17:1-23:12
MERGED from [androidx.compose.foundation:foundation-layout:1.3.1] AndroidManifest.xml:17:1-22:12
MERGED from [androidx.compose.animation:animation-core:1.1.1] AndroidManifest.xml:17:1-24:12
MERGED from [androidx.compose.ui:ui:1.3.3] AndroidManifest.xml:17:1-22:12
MERGED from [androidx.compose.ui:ui-tooling-preview:1.2.0] AndroidManifest.xml:17:1-23:12
MERGED from [androidx.compose.ui:ui-text:1.3.3] AndroidManifest.xml:17:1-22:12
MERGED from [androidx.compose.runtime:runtime-saveable:1.3.3] AndroidManifest.xml:17:1-22:12
MERGED from [androidx.compose.ui:ui-graphics:1.3.3] AndroidManifest.xml:17:1-22:12
MERGED from [androidx.compose.ui:ui-unit:1.3.3] AndroidManifest.xml:17:1-22:12
MERGED from [androidx.compose.ui:ui-geometry:1.3.3] AndroidManifest.xml:17:1-22:12
MERGED from [androidx.compose.runtime:runtime:1.3.3] AndroidManifest.xml:17:1-22:12
MERGED from [com.google.android.filament:filament-utils-android:1.36.0] AndroidManifest.xml:17:1-22:12
MERGED from [androidx.fragment:fragment-ktx:1.4.1] AndroidManifest.xml:17:1-24:12
MERGED from [androidx.activity:activity-ktx:1.5.1] AndroidManifest.xml:17:1-24:12
MERGED from [androidx.lifecycle:lifecycle-runtime-ktx:2.5.1] AndroidManifest.xml:17:1-24:12
MERGED from [androidx.lifecycle:lifecycle-viewmodel-ktx:2.5.1] AndroidManifest.xml:17:1-24:12
MERGED from [androidx.compose.ui:ui-test-manifest:1.2.0] AndroidManifest.xml:17:1-29:12
MERGED from [androidx.appcompat:appcompat-resources:1.5.1] AndroidManifest.xml:17:1-22:12
MERGED from [androidx.appcompat:appcompat:1.5.1] AndroidManifest.xml:17:1-22:12
MERGED from [androidx.lifecycle:lifecycle-extensions:2.2.0] AndroidManifest.xml:17:1-27:12
MERGED from [androidx.fragment:fragment:1.4.1] AndroidManifest.xml:17:1-24:12
MERGED from [androidx.activity:activity:1.5.1] AndroidManifest.xml:17:1-24:12
MERGED from [androidx.loader:loader:1.0.0] AndroidManifest.xml:17:1-22:12
MERGED from [androidx.lifecycle:lifecycle-viewmodel:2.5.1] AndroidManifest.xml:17:1-24:12
MERGED from [androidx.lifecycle:lifecycle-viewmodel-savedstate:2.5.1] AndroidManifest.xml:17:1-24:12
MERGED from [androidx.autofill:autofill:1.0.0] AndroidManifest.xml:17:1-24:12
MERGED from [androidx.drawerlayout:drawerlayout:1.0.0] AndroidManifest.xml:17:1-22:12
MERGED from [androidx.emoji2:emoji2-views-helper:1.2.0] AndroidManifest.xml:2:1-7:12
MERGED from [androidx.emoji2:emoji2:1.2.0] AndroidManifest.xml:17:1-35:12
MERGED from [androidx.vectordrawable:vectordrawable-animated:1.1.0] AndroidManifest.xml:17:1-24:12
MERGED from [androidx.vectordrawable:vectordrawable:1.1.0] AndroidManifest.xml:17:1-24:12
MERGED from [androidx.viewpager:viewpager:1.0.0] AndroidManifest.xml:17:1-22:12
MERGED from [androidx.customview:customview:1.0.0] AndroidManifest.xml:17:1-22:12
MERGED from [androidx.core:core:1.9.0] AndroidManifest.xml:17:1-30:12
MERGED from [androidx.customview:customview-poolingcontainer:1.0.0] AndroidManifest.xml:17:1-23:12
MERGED from [androidx.core:core-ktx:1.9.0] AndroidManifest.xml:2:1-7:12
MERGED from [androidx.savedstate:savedstate-ktx:1.2.0] AndroidManifest.xml:17:1-24:12
MERGED from [androidx.savedstate:savedstate:1.2.0] AndroidManifest.xml:17:1-24:12
MERGED from [com.google.ar:core:1.37.0] AndroidManifest.xml:8:1-40:12
MERGED from [androidx.lifecycle:lifecycle-service:2.2.0] AndroidManifest.xml:17:1-24:12
MERGED from [androidx.lifecycle:lifecycle-process:2.4.1] AndroidManifest.xml:17:1-37:12
MERGED from [androidx.lifecycle:lifecycle-runtime:2.5.1] AndroidManifest.xml:17:1-24:12
MERGED from [androidx.lifecycle:lifecycle-livedata:2.2.0] AndroidManifest.xml:17:1-24:12
MERGED from [androidx.lifecycle:lifecycle-livedata-core-ktx:2.3.1] AndroidManifest.xml:17:1-24:12
MERGED from [androidx.lifecycle:lifecycle-livedata-core:2.5.1] AndroidManifest.xml:17:1-24:12
MERGED from [androidx.arch.core:core-runtime:2.1.0] AndroidManifest.xml:17:1-24:12
MERGED from [androidx.profileinstaller:profileinstaller:1.2.0] AndroidManifest.xml:17:1-50:12
MERGED from [com.google.android.filament:gltfio-android:1.36.0] AndroidManifest.xml:17:1-22:12
MERGED from [com.google.android.filament:filament-android:1.36.0] AndroidManifest.xml:2:1-7:12
MERGED from [androidx.cursoradapter:cursoradapter:1.0.0] AndroidManifest.xml:17:1-22:12
MERGED from [androidx.versionedparcelable:versionedparcelable:1.1.1] AndroidManifest.xml:17:1-27:12
MERGED from [androidx.startup:startup-runtime:1.1.1] AndroidManifest.xml:17:1-33:12
MERGED from [androidx.tracing:tracing:1.0.0] AndroidManifest.xml:17:1-24:12
MERGED from [androidx.interpolator:interpolator:1.0.0] AndroidManifest.xml:17:1-22:12
MERGED from [androidx.compose.ui:ui-util:1.3.3] AndroidManifest.xml:17:1-22:12
MERGED from [com.github.kittinunf.fuel:fuel-android:2.3.1] AndroidManifest.xml:2:1-10:12
MERGED from [androidx.annotation:annotation-experimental:1.3.0] AndroidManifest.xml:17:1-22:12
INJECTED from src\main\AndroidManifest.xml:2:1-26:12
INJECTED from src\main\AndroidManifest.xml:2:1-26:12
INJECTED from src\main\AndroidManifest.xml:2:1-26:12
	package
		INJECTED from src\main\AndroidManifest.xml
		ADDED from src\main\AndroidManifest.xml:2:1-26:12
		INJECTED from src\main\AndroidManifest.xml
	android:versionName
		INJECTED from src\main\AndroidManifest.xml
		ADDED from src\main\AndroidManifest.xml:2:1-26:12
		INJECTED from src\main\AndroidManifest.xml
	xmlns:tools
		ADDED from src\main\AndroidManifest.xml:3:5-51
	android:versionCode
		INJECTED from src\main\AndroidManifest.xml
		ADDED from src\main\AndroidManifest.xml:2:1-26:12
		INJECTED from src\main\AndroidManifest.xml
	xmlns:android
		ADDED from src\main\AndroidManifest.xml:2:11-69
application
ADDED from src\main\AndroidManifest.xml:5:5-24:19
MERGED from [io.github.sceneview:arsceneview:0.10.0] AndroidManifest.xml:11:5-21:19
MERGED from [io.github.sceneview:arsceneview:0.10.0] AndroidManifest.xml:11:5-21:19
MERGED from [androidx.compose.ui:ui-tooling:1.2.0] AndroidManifest.xml:23:5-27:19
MERGED from [androidx.compose.ui:ui-tooling:1.2.0] AndroidManifest.xml:23:5-27:19
MERGED from [androidx.compose.ui:ui-test-manifest:1.2.0] AndroidManifest.xml:23:5-27:19
MERGED from [androidx.compose.ui:ui-test-manifest:1.2.0] AndroidManifest.xml:23:5-27:19
MERGED from [androidx.lifecycle:lifecycle-extensions:2.2.0] AndroidManifest.xml:24:5-25:19
MERGED from [androidx.lifecycle:lifecycle-extensions:2.2.0] AndroidManifest.xml:24:5-25:19
MERGED from [androidx.emoji2:emoji2:1.2.0] AndroidManifest.xml:23:5-33:19
MERGED from [androidx.emoji2:emoji2:1.2.0] AndroidManifest.xml:23:5-33:19
MERGED from [androidx.core:core:1.9.0] AndroidManifest.xml:28:5-89
MERGED from [androidx.core:core:1.9.0] AndroidManifest.xml:28:5-89
MERGED from [com.google.ar:core:1.37.0] AndroidManifest.xml:24:5-38:19
MERGED from [com.google.ar:core:1.37.0] AndroidManifest.xml:24:5-38:19
MERGED from [androidx.lifecycle:lifecycle-process:2.4.1] AndroidManifest.xml:25:5-35:19
MERGED from [androidx.lifecycle:lifecycle-process:2.4.1] AndroidManifest.xml:25:5-35:19
MERGED from [androidx.profileinstaller:profileinstaller:1.2.0] AndroidManifest.xml:24:5-48:19
MERGED from [androidx.profileinstaller:profileinstaller:1.2.0] AndroidManifest.xml:24:5-48:19
MERGED from [androidx.versionedparcelable:versionedparcelable:1.1.1] AndroidManifest.xml:24:5-25:19
MERGED from [androidx.versionedparcelable:versionedparcelable:1.1.1] AndroidManifest.xml:24:5-25:19
MERGED from [androidx.startup:startup-runtime:1.1.1] AndroidManifest.xml:25:5-31:19
MERGED from [androidx.startup:startup-runtime:1.1.1] AndroidManifest.xml:25:5-31:19
	android:appComponentFactory
		ADDED from [androidx.core:core:1.9.0] AndroidManifest.xml:28:18-86
	android:supportsRtl
		ADDED from src\main\AndroidManifest.xml:11:9-35
	android:label
		ADDED from src\main\AndroidManifest.xml:10:9-41
	android:fullBackupContent
		ADDED from src\main\AndroidManifest.xml:8:9-54
	tools:targetApi
		ADDED from src\main\AndroidManifest.xml:13:9-29
	android:icon
		ADDED from src\main\AndroidManifest.xml:9:9-43
	android:allowBackup
		ADDED from src\main\AndroidManifest.xml:6:9-35
	android:theme
		ADDED from src\main\AndroidManifest.xml:12:9-44
	android:dataExtractionRules
		ADDED from src\main\AndroidManifest.xml:7:9-65
activity#com.xperiencelabs.armenu.MainActivity
ADDED from src\main\AndroidManifest.xml:14:9-23:20
	android:exported
		ADDED from src\main\AndroidManifest.xml:16:13-36
	android:theme
		ADDED from src\main\AndroidManifest.xml:17:13-48
	android:name
		ADDED from src\main\AndroidManifest.xml:15:13-41
intent-filter#action:name:android.intent.action.MAIN+category:name:android.intent.category.LAUNCHER
ADDED from src\main\AndroidManifest.xml:18:13-22:29
action#android.intent.action.MAIN
ADDED from src\main\AndroidManifest.xml:19:17-69
	android:name
		ADDED from src\main\AndroidManifest.xml:19:25-66
category#android.intent.category.LAUNCHER
ADDED from src\main\AndroidManifest.xml:21:17-77
	android:name
		ADDED from src\main\AndroidManifest.xml:21:27-74
uses-sdk
INJECTED from src\main\AndroidManifest.xml reason: use-sdk injection requested
INJECTED from src\main\AndroidManifest.xml
INJECTED from src\main\AndroidManifest.xml
MERGED from [io.github.sceneview:arsceneview:0.10.0] AndroidManifest.xml:5:5-44
MERGED from [io.github.sceneview:arsceneview:0.10.0] AndroidManifest.xml:5:5-44
MERGED from [androidx.compose.ui:ui-tooling:1.2.0] AndroidManifest.xml:20:5-21:38
MERGED from [androidx.compose.ui:ui-tooling:1.2.0] AndroidManifest.xml:20:5-21:38
MERGED from [androidx.activity:activity-compose:1.3.1] AndroidManifest.xml:20:5-22:41
MERGED from [androidx.activity:activity-compose:1.3.1] AndroidManifest.xml:20:5-22:41
MERGED from [androidx.compose.material:material:1.2.0] AndroidManifest.xml:20:5-21:38
MERGED from [androidx.compose.material:material:1.2.0] AndroidManifest.xml:20:5-21:38
MERGED from [androidx.compose.material:material-ripple:1.2.0] AndroidManifest.xml:20:5-21:38
MERGED from [androidx.compose.material:material-ripple:1.2.0] AndroidManifest.xml:20:5-21:38
MERGED from [io.github.sceneview:sceneview:0.10.0] AndroidManifest.xml:5:5-44
MERGED from [io.github.sceneview:sceneview:0.10.0] AndroidManifest.xml:5:5-44
MERGED from [androidx.compose.foundation:foundation:1.3.1] AndroidManifest.xml:20:5-44
MERGED from [androidx.compose.foundation:foundation:1.3.1] AndroidManifest.xml:20:5-44
MERGED from [androidx.compose.animation:animation:1.1.1] AndroidManifest.xml:20:5-22:41
MERGED from [androidx.compose.animation:animation:1.1.1] AndroidManifest.xml:20:5-22:41
MERGED from [androidx.compose.ui:ui-tooling-data:1.2.0] AndroidManifest.xml:20:5-21:38
MERGED from [androidx.compose.ui:ui-tooling-data:1.2.0] AndroidManifest.xml:20:5-21:38
MERGED from [androidx.compose.material:material-icons-core:1.2.0] AndroidManifest.xml:20:5-21:38
MERGED from [androidx.compose.material:material-icons-core:1.2.0] AndroidManifest.xml:20:5-21:38
MERGED from [androidx.compose.foundation:foundation-layout:1.3.1] AndroidManifest.xml:20:5-44
MERGED from [androidx.compose.foundation:foundation-layout:1.3.1] AndroidManifest.xml:20:5-44
MERGED from [androidx.compose.animation:animation-core:1.1.1] AndroidManifest.xml:20:5-22:41
MERGED from [androidx.compose.animation:animation-core:1.1.1] AndroidManifest.xml:20:5-22:41
MERGED from [androidx.compose.ui:ui:1.3.3] AndroidManifest.xml:20:5-44
MERGED from [androidx.compose.ui:ui:1.3.3] AndroidManifest.xml:20:5-44
MERGED from [androidx.compose.ui:ui-tooling-preview:1.2.0] AndroidManifest.xml:20:5-21:38
MERGED from [androidx.compose.ui:ui-tooling-preview:1.2.0] AndroidManifest.xml:20:5-21:38
MERGED from [androidx.compose.ui:ui-text:1.3.3] AndroidManifest.xml:20:5-44
MERGED from [androidx.compose.ui:ui-text:1.3.3] AndroidManifest.xml:20:5-44
MERGED from [androidx.compose.runtime:runtime-saveable:1.3.3] AndroidManifest.xml:20:5-44
MERGED from [androidx.compose.runtime:runtime-saveable:1.3.3] AndroidManifest.xml:20:5-44
MERGED from [androidx.compose.ui:ui-graphics:1.3.3] AndroidManifest.xml:20:5-44
MERGED from [androidx.compose.ui:ui-graphics:1.3.3] AndroidManifest.xml:20:5-44
MERGED from [androidx.compose.ui:ui-unit:1.3.3] AndroidManifest.xml:20:5-44
MERGED from [androidx.compose.ui:ui-unit:1.3.3] AndroidManifest.xml:20:5-44
MERGED from [androidx.compose.ui:ui-geometry:1.3.3] AndroidManifest.xml:20:5-44
MERGED from [androidx.compose.ui:ui-geometry:1.3.3] AndroidManifest.xml:20:5-44
MERGED from [androidx.compose.runtime:runtime:1.3.3] AndroidManifest.xml:20:5-44
MERGED from [androidx.compose.runtime:runtime:1.3.3] AndroidManifest.xml:20:5-44
MERGED from [com.google.android.filament:filament-utils-android:1.36.0] AndroidManifest.xml:20:5-44
MERGED from [com.google.android.filament:filament-utils-android:1.36.0] AndroidManifest.xml:20:5-44
MERGED from [androidx.fragment:fragment-ktx:1.4.1] AndroidManifest.xml:20:5-22:41
MERGED from [androidx.fragment:fragment-ktx:1.4.1] AndroidManifest.xml:20:5-22:41
MERGED from [androidx.activity:activity-ktx:1.5.1] AndroidManifest.xml:20:5-22:41
MERGED from [androidx.activity:activity-ktx:1.5.1] AndroidManifest.xml:20:5-22:41
MERGED from [androidx.lifecycle:lifecycle-runtime-ktx:2.5.1] AndroidManifest.xml:20:5-22:41
MERGED from [androidx.lifecycle:lifecycle-runtime-ktx:2.5.1] AndroidManifest.xml:20:5-22:41
MERGED from [androidx.lifecycle:lifecycle-viewmodel-ktx:2.5.1] AndroidManifest.xml:20:5-22:41
MERGED from [androidx.lifecycle:lifecycle-viewmodel-ktx:2.5.1] AndroidManifest.xml:20:5-22:41
MERGED from [androidx.compose.ui:ui-test-manifest:1.2.0] AndroidManifest.xml:20:5-21:38
MERGED from [androidx.compose.ui:ui-test-manifest:1.2.0] AndroidManifest.xml:20:5-21:38
MERGED from [androidx.appcompat:appcompat-resources:1.5.1] AndroidManifest.xml:20:5-44
MERGED from [androidx.appcompat:appcompat-resources:1.5.1] AndroidManifest.xml:20:5-44
MERGED from [androidx.appcompat:appcompat:1.5.1] AndroidManifest.xml:20:5-44
MERGED from [androidx.appcompat:appcompat:1.5.1] AndroidManifest.xml:20:5-44
MERGED from [androidx.lifecycle:lifecycle-extensions:2.2.0] AndroidManifest.xml:20:5-22:41
MERGED from [androidx.lifecycle:lifecycle-extensions:2.2.0] AndroidManifest.xml:20:5-22:41
MERGED from [androidx.fragment:fragment:1.4.1] AndroidManifest.xml:20:5-22:41
MERGED from [androidx.fragment:fragment:1.4.1] AndroidManifest.xml:20:5-22:41
MERGED from [androidx.activity:activity:1.5.1] AndroidManifest.xml:20:5-22:41
MERGED from [androidx.activity:activity:1.5.1] AndroidManifest.xml:20:5-22:41
MERGED from [androidx.loader:loader:1.0.0] AndroidManifest.xml:20:5-44
MERGED from [androidx.loader:loader:1.0.0] AndroidManifest.xml:20:5-44
MERGED from [androidx.lifecycle:lifecycle-viewmodel:2.5.1] AndroidManifest.xml:20:5-22:41
MERGED from [androidx.lifecycle:lifecycle-viewmodel:2.5.1] AndroidManifest.xml:20:5-22:41
MERGED from [androidx.lifecycle:lifecycle-viewmodel-savedstate:2.5.1] AndroidManifest.xml:20:5-22:41
MERGED from [androidx.lifecycle:lifecycle-viewmodel-savedstate:2.5.1] AndroidManifest.xml:20:5-22:41
MERGED from [androidx.autofill:autofill:1.0.0] AndroidManifest.xml:20:5-22:41
MERGED from [androidx.autofill:autofill:1.0.0] AndroidManifest.xml:20:5-22:41
MERGED from [androidx.drawerlayout:drawerlayout:1.0.0] AndroidManifest.xml:20:5-44
MERGED from [androidx.drawerlayout:drawerlayout:1.0.0] AndroidManifest.xml:20:5-44
MERGED from [androidx.emoji2:emoji2-views-helper:1.2.0] AndroidManifest.xml:5:5-44
MERGED from [androidx.emoji2:emoji2-views-helper:1.2.0] AndroidManifest.xml:5:5-44
MERGED from [androidx.emoji2:emoji2:1.2.0] AndroidManifest.xml:21:5-44
MERGED from [androidx.emoji2:emoji2:1.2.0] AndroidManifest.xml:21:5-44
MERGED from [androidx.vectordrawable:vectordrawable-animated:1.1.0] AndroidManifest.xml:20:5-22:41
MERGED from [androidx.vectordrawable:vectordrawable-animated:1.1.0] AndroidManifest.xml:20:5-22:41
MERGED from [androidx.vectordrawable:vectordrawable:1.1.0] AndroidManifest.xml:20:5-22:41
MERGED from [androidx.vectordrawable:vectordrawable:1.1.0] AndroidManifest.xml:20:5-22:41
MERGED from [androidx.viewpager:viewpager:1.0.0] AndroidManifest.xml:20:5-44
MERGED from [androidx.viewpager:viewpager:1.0.0] AndroidManifest.xml:20:5-44
MERGED from [androidx.customview:customview:1.0.0] AndroidManifest.xml:20:5-44
MERGED from [androidx.customview:customview:1.0.0] AndroidManifest.xml:20:5-44
MERGED from [androidx.core:core:1.9.0] AndroidManifest.xml:20:5-44
MERGED from [androidx.core:core:1.9.0] AndroidManifest.xml:20:5-44
MERGED from [androidx.customview:customview-poolingcontainer:1.0.0] AndroidManifest.xml:20:5-21:38
MERGED from [androidx.customview:customview-poolingcontainer:1.0.0] AndroidManifest.xml:20:5-21:38
MERGED from [androidx.core:core-ktx:1.9.0] AndroidManifest.xml:5:5-44
MERGED from [androidx.core:core-ktx:1.9.0] AndroidManifest.xml:5:5-44
MERGED from [androidx.savedstate:savedstate-ktx:1.2.0] AndroidManifest.xml:20:5-22:41
MERGED from [androidx.savedstate:savedstate-ktx:1.2.0] AndroidManifest.xml:20:5-22:41
MERGED from [androidx.savedstate:savedstate:1.2.0] AndroidManifest.xml:20:5-22:41
MERGED from [androidx.savedstate:savedstate:1.2.0] AndroidManifest.xml:20:5-22:41
MERGED from [com.google.ar:core:1.37.0] AndroidManifest.xml:16:5-18:41
MERGED from [com.google.ar:core:1.37.0] AndroidManifest.xml:16:5-18:41
MERGED from [androidx.lifecycle:lifecycle-service:2.2.0] AndroidManifest.xml:20:5-22:41
MERGED from [androidx.lifecycle:lifecycle-service:2.2.0] AndroidManifest.xml:20:5-22:41
MERGED from [androidx.lifecycle:lifecycle-process:2.4.1] AndroidManifest.xml:21:5-23:41
MERGED from [androidx.lifecycle:lifecycle-process:2.4.1] AndroidManifest.xml:21:5-23:41
MERGED from [androidx.lifecycle:lifecycle-runtime:2.5.1] AndroidManifest.xml:20:5-22:41
MERGED from [androidx.lifecycle:lifecycle-runtime:2.5.1] AndroidManifest.xml:20:5-22:41
MERGED from [androidx.lifecycle:lifecycle-livedata:2.2.0] AndroidManifest.xml:20:5-22:41
MERGED from [androidx.lifecycle:lifecycle-livedata:2.2.0] AndroidManifest.xml:20:5-22:41
MERGED from [androidx.lifecycle:lifecycle-livedata-core-ktx:2.3.1] AndroidManifest.xml:20:5-22:41
MERGED from [androidx.lifecycle:lifecycle-livedata-core-ktx:2.3.1] AndroidManifest.xml:20:5-22:41
MERGED from [androidx.lifecycle:lifecycle-livedata-core:2.5.1] AndroidManifest.xml:20:5-22:41
MERGED from [androidx.lifecycle:lifecycle-livedata-core:2.5.1] AndroidManifest.xml:20:5-22:41
MERGED from [androidx.arch.core:core-runtime:2.1.0] AndroidManifest.xml:20:5-22:41
MERGED from [androidx.arch.core:core-runtime:2.1.0] AndroidManifest.xml:20:5-22:41
MERGED from [androidx.profileinstaller:profileinstaller:1.2.0] AndroidManifest.xml:21:5-22:38
MERGED from [androidx.profileinstaller:profileinstaller:1.2.0] AndroidManifest.xml:21:5-22:38
MERGED from [com.google.android.filament:gltfio-android:1.36.0] AndroidManifest.xml:20:5-44
MERGED from [com.google.android.filament:gltfio-android:1.36.0] AndroidManifest.xml:20:5-44
MERGED from [com.google.android.filament:filament-android:1.36.0] AndroidManifest.xml:5:5-44
MERGED from [com.google.android.filament:filament-android:1.36.0] AndroidManifest.xml:5:5-44
MERGED from [androidx.cursoradapter:cursoradapter:1.0.0] AndroidManifest.xml:20:5-44
MERGED from [androidx.cursoradapter:cursoradapter:1.0.0] AndroidManifest.xml:20:5-44
MERGED from [androidx.versionedparcelable:versionedparcelable:1.1.1] AndroidManifest.xml:20:5-22:41
MERGED from [androidx.versionedparcelable:versionedparcelable:1.1.1] AndroidManifest.xml:20:5-22:41
MERGED from [androidx.startup:startup-runtime:1.1.1] AndroidManifest.xml:21:5-23:41
MERGED from [androidx.startup:startup-runtime:1.1.1] AndroidManifest.xml:21:5-23:41
MERGED from [androidx.tracing:tracing:1.0.0] AndroidManifest.xml:20:5-22:41
MERGED from [androidx.tracing:tracing:1.0.0] AndroidManifest.xml:20:5-22:41
MERGED from [androidx.interpolator:interpolator:1.0.0] AndroidManifest.xml:20:5-44
MERGED from [androidx.interpolator:interpolator:1.0.0] AndroidManifest.xml:20:5-44
MERGED from [androidx.compose.ui:ui-util:1.3.3] AndroidManifest.xml:20:5-44
MERGED from [androidx.compose.ui:ui-util:1.3.3] AndroidManifest.xml:20:5-44
MERGED from [com.github.kittinunf.fuel:fuel-android:2.3.1] AndroidManifest.xml:6:5-8:41
MERGED from [com.github.kittinunf.fuel:fuel-android:2.3.1] AndroidManifest.xml:6:5-8:41
MERGED from [androidx.annotation:annotation-experimental:1.3.0] AndroidManifest.xml:20:5-44
MERGED from [androidx.annotation:annotation-experimental:1.3.0] AndroidManifest.xml:20:5-44
INJECTED from src\main\AndroidManifest.xml
INJECTED from src\main\AndroidManifest.xml
	android:targetSdkVersion
		INJECTED from src\main\AndroidManifest.xml
		ADDED from src\main\AndroidManifest.xml
		INJECTED from src\main\AndroidManifest.xml
	android:minSdkVersion
		INJECTED from src\main\AndroidManifest.xml
		ADDED from src\main\AndroidManifest.xml
		INJECTED from src\main\AndroidManifest.xml
uses-permission#android.permission.CAMERA
ADDED from [io.github.sceneview:arsceneview:0.10.0] AndroidManifest.xml:8:5-65
	android:name
		ADDED from [io.github.sceneview:arsceneview:0.10.0] AndroidManifest.xml:8:22-62
uses-permission#android.permission.RECORD_AUDIO
ADDED from [io.github.sceneview:arsceneview:0.10.0] AndroidManifest.xml:9:5-71
	android:name
		ADDED from [io.github.sceneview:arsceneview:0.10.0] AndroidManifest.xml:9:22-68
meta-data#com.google.ar.core
ADDED from [io.github.sceneview:arsceneview:0.10.0] AndroidManifest.xml:18:9-20:40
	android:value
		ADDED from [io.github.sceneview:arsceneview:0.10.0] AndroidManifest.xml:20:13-37
	android:name
		ADDED from [io.github.sceneview:arsceneview:0.10.0] AndroidManifest.xml:19:13-46
activity#androidx.compose.ui.tooling.PreviewActivity
ADDED from [androidx.compose.ui:ui-tooling:1.2.0] AndroidManifest.xml:24:9-26:39
	android:exported
		ADDED from [androidx.compose.ui:ui-tooling:1.2.0] AndroidManifest.xml:26:13-36
	android:name
		ADDED from [androidx.compose.ui:ui-tooling:1.2.0] AndroidManifest.xml:25:13-71
uses-permission#android.permission.INTERNET
ADDED from [io.github.sceneview:sceneview:0.10.0] AndroidManifest.xml:8:5-67
	android:name
		ADDED from [io.github.sceneview:sceneview:0.10.0] AndroidManifest.xml:8:22-64
uses-feature#0x00030000
ADDED from [io.github.sceneview:sceneview:0.10.0] AndroidManifest.xml:11:5-13:35
	android:glEsVersion
		ADDED from [io.github.sceneview:sceneview:0.10.0] AndroidManifest.xml:12:9-41
	android:required
		ADDED from [io.github.sceneview:sceneview:0.10.0] AndroidManifest.xml:13:9-32
activity#androidx.activity.ComponentActivity
ADDED from [androidx.compose.ui:ui-test-manifest:1.2.0] AndroidManifest.xml:24:9-26:39
	android:exported
		ADDED from [androidx.compose.ui:ui-test-manifest:1.2.0] AndroidManifest.xml:26:13-36
	android:name
		ADDED from [androidx.compose.ui:ui-test-manifest:1.2.0] AndroidManifest.xml:25:13-63
provider#androidx.startup.InitializationProvider
ADDED from [androidx.emoji2:emoji2:1.2.0] AndroidManifest.xml:24:9-32:20
MERGED from [androidx.lifecycle:lifecycle-process:2.4.1] AndroidManifest.xml:26:9-34:20
MERGED from [androidx.lifecycle:lifecycle-process:2.4.1] AndroidManifest.xml:26:9-34:20
MERGED from [androidx.profileinstaller:profileinstaller:1.2.0] AndroidManifest.xml:25:9-33:20
MERGED from [androidx.profileinstaller:profileinstaller:1.2.0] AndroidManifest.xml:25:9-33:20
MERGED from [androidx.startup:startup-runtime:1.1.1] AndroidManifest.xml:26:9-30:34
MERGED from [androidx.startup:startup-runtime:1.1.1] AndroidManifest.xml:26:9-30:34
	tools:node
		ADDED from [androidx.emoji2:emoji2:1.2.0] AndroidManifest.xml:28:13-31
	android:authorities
		ADDED from [androidx.emoji2:emoji2:1.2.0] AndroidManifest.xml:26:13-68
	android:exported
		ADDED from [androidx.emoji2:emoji2:1.2.0] AndroidManifest.xml:27:13-37
	android:name
		ADDED from [androidx.emoji2:emoji2:1.2.0] AndroidManifest.xml:25:13-67
meta-data#androidx.emoji2.text.EmojiCompatInitializer
ADDED from [androidx.emoji2:emoji2:1.2.0] AndroidManifest.xml:29:13-31:52
	android:value
		ADDED from [androidx.emoji2:emoji2:1.2.0] AndroidManifest.xml:31:17-49
	android:name
		ADDED from [androidx.emoji2:emoji2:1.2.0] AndroidManifest.xml:30:17-75
permission#${applicationId}.DYNAMIC_RECEIVER_NOT_EXPORTED_PERMISSION
ADDED from [androidx.core:core:1.9.0] AndroidManifest.xml:22:5-24:47
	android:protectionLevel
		ADDED from [androidx.core:core:1.9.0] AndroidManifest.xml:24:9-44
	android:name
		ADDED from [androidx.core:core:1.9.0] AndroidManifest.xml:23:9-81
permission#com.xperiencelabs.armenu.DYNAMIC_RECEIVER_NOT_EXPORTED_PERMISSION
ADDED from [androidx.core:core:1.9.0] AndroidManifest.xml:22:5-24:47
	android:protectionLevel
		ADDED from [androidx.core:core:1.9.0] AndroidManifest.xml:24:9-44
	android:name
		ADDED from [androidx.core:core:1.9.0] AndroidManifest.xml:23:9-81
uses-permission#${applicationId}.DYNAMIC_RECEIVER_NOT_EXPORTED_PERMISSION
ADDED from [androidx.core:core:1.9.0] AndroidManifest.xml:26:5-97
	android:name
		ADDED from [androidx.core:core:1.9.0] AndroidManifest.xml:26:22-94
uses-permission#com.xperiencelabs.armenu.DYNAMIC_RECEIVER_NOT_EXPORTED_PERMISSION
ADDED from [androidx.core:core:1.9.0] AndroidManifest.xml:26:5-97
	android:name
		ADDED from [androidx.core:core:1.9.0] AndroidManifest.xml:26:22-94
queries
ADDED from [com.google.ar:core:1.37.0] AndroidManifest.xml:20:5-22:15
package#com.google.ar.core
ADDED from [com.google.ar:core:1.37.0] AndroidManifest.xml:21:9-54
	android:name
		ADDED from [com.google.ar:core:1.37.0] AndroidManifest.xml:21:18-51
meta-data#com.google.ar.core.min_apk_version
ADDED from [com.google.ar:core:1.37.0] AndroidManifest.xml:27:9-29:41
	android:value
		ADDED from [com.google.ar:core:1.37.0] AndroidManifest.xml:29:13-38
	android:name
		ADDED from [com.google.ar:core:1.37.0] AndroidManifest.xml:28:13-62
activity#com.google.ar.core.InstallActivity
ADDED from [com.google.ar:core:1.37.0] AndroidManifest.xml:31:9-37:80
	android:excludeFromRecents
		ADDED from [com.google.ar:core:1.37.0] AndroidManifest.xml:34:13-46
	android:launchMode
		ADDED from [com.google.ar:core:1.37.0] AndroidManifest.xml:36:13-43
	android:exported
		ADDED from [com.google.ar:core:1.37.0] AndroidManifest.xml:35:13-37
	android:configChanges
		ADDED from [com.google.ar:core:1.37.0] AndroidManifest.xml:33:13-74
	android:theme
		ADDED from [com.google.ar:core:1.37.0] AndroidManifest.xml:37:13-77
	android:name
		ADDED from [com.google.ar:core:1.37.0] AndroidManifest.xml:32:13-62
meta-data#androidx.lifecycle.ProcessLifecycleInitializer
ADDED from [androidx.lifecycle:lifecycle-process:2.4.1] AndroidManifest.xml:31:13-33:52
	android:value
		ADDED from [androidx.lifecycle:lifecycle-process:2.4.1] AndroidManifest.xml:33:17-49
	android:name
		ADDED from [androidx.lifecycle:lifecycle-process:2.4.1] AndroidManifest.xml:32:17-78
meta-data#androidx.profileinstaller.ProfileInstallerInitializer
ADDED from [androidx.profileinstaller:profileinstaller:1.2.0] AndroidManifest.xml:30:13-32:52
	android:value
		ADDED from [androidx.profileinstaller:profileinstaller:1.2.0] AndroidManifest.xml:32:17-49
	android:name
		ADDED from [androidx.profileinstaller:profileinstaller:1.2.0] AndroidManifest.xml:31:17-85
receiver#androidx.profileinstaller.ProfileInstallReceiver
ADDED from [androidx.profileinstaller:profileinstaller:1.2.0] AndroidManifest.xml:35:9-47:20
	android:enabled
		ADDED from [androidx.profileinstaller:profileinstaller:1.2.0] AndroidManifest.xml:38:13-35
	android:exported
		ADDED from [androidx.profileinstaller:profileinstaller:1.2.0] AndroidManifest.xml:39:13-36
	android:permission
		ADDED from [androidx.profileinstaller:profileinstaller:1.2.0] AndroidManifest.xml:40:13-57
	android:directBootAware
		ADDED from [androidx.profileinstaller:profileinstaller:1.2.0] AndroidManifest.xml:37:13-44
	android:name
		ADDED from [androidx.profileinstaller:profileinstaller:1.2.0] AndroidManifest.xml:36:13-76
intent-filter#action:name:androidx.profileinstaller.action.INSTALL_PROFILE
ADDED from [androidx.profileinstaller:profileinstaller:1.2.0] AndroidManifest.xml:41:13-43:29
action#androidx.profileinstaller.action.INSTALL_PROFILE
ADDED from [androidx.profileinstaller:profileinstaller:1.2.0] AndroidManifest.xml:42:17-91
	android:name
		ADDED from [androidx.profileinstaller:profileinstaller:1.2.0] AndroidManifest.xml:42:25-88
intent-filter#action:name:androidx.profileinstaller.action.SKIP_FILE
ADDED from [androidx.profileinstaller:profileinstaller:1.2.0] AndroidManifest.xml:44:13-46:29
action#androidx.profileinstaller.action.SKIP_FILE
ADDED from [androidx.profileinstaller:profileinstaller:1.2.0] AndroidManifest.xml:45:17-85
	android:name
		ADDED from [androidx.profileinstaller:profileinstaller:1.2.0] AndroidManifest.xml:45:25-82